SF:lib/src/console_formatter.dart
DA:6,2
DA:16,2
DA:19,4
DA:21,2
DA:22,3
DA:24,2
DA:25,2
DA:26,4
DA:27,2
DA:28,4
DA:30,2
DA:31,1
DA:34,4
DA:36,1
DA:37,1
DA:38,1
DA:39,2
DA:45,2
DA:48,1
DA:54,1
DA:55,1
DA:59,1
DA:60,3
DA:66,1
DA:71,1
DA:72,1
DA:73,1
DA:88,6
DA:113,3
DA:133,2
DA:137,2
DA:144,2
DA:145,2
DA:152,2
DA:154,2
DA:155,2
LF:36
LH:36
end_of_record
SF:lib/src/models/console_log_level_text.dart
DA:10,4
DA:16,1
DA:22,1
DA:23,1
DA:24,1
DA:25,1
DA:26,1
LF:7
LH:7
end_of_record
SF:lib/src/models/custom_logger_exception.dart
DA:6,1
LF:1
LH:1
end_of_record
SF:lib/src/custom_logger.dart
DA:11,1
DA:12,3
DA:15,1
DA:16,3
DA:17,1
DA:21,3
DA:24,2
DA:42,1
DA:43,2
DA:58,1
DA:59,2
DA:67,1
DA:68,2
DA:76,1
DA:77,2
DA:78,3
DA:86,1
DA:87,2
DA:88,3
DA:96,1
DA:97,2
DA:98,3
DA:106,1
DA:107,2
DA:108,3
DA:116,1
DA:117,5
DA:125,1
DA:126,5
DA:134,1
DA:135,5
DA:143,1
DA:144,5
DA:168,1
DA:179,1
DA:181,2
DA:187,3
DA:189,5
DA:192,2
DA:194,2
DA:196,1
DA:221,1
DA:234,1
DA:246,3
DA:247,3
DA:248,1
DA:252,1
DA:254,3
DA:255,4
DA:268,1
DA:273,1
DA:274,3
DA:275,1
DA:277,3
DA:278,2
DA:281,2
DA:282,1
DA:283,3
DA:284,1
DA:285,1
DA:286,3
DA:287,1
DA:289,3
DA:290,2
DA:302,1
DA:306,1
DA:307,3
DA:308,1
DA:310,3
DA:311,2
DA:322,1
DA:326,1
DA:327,3
DA:328,1
DA:330,3
DA:331,2
DA:342,1
DA:346,1
DA:347,3
DA:348,1
DA:350,3
DA:351,2
LF:82
LH:82
end_of_record
